<?xml version="1.0" encoding="UTF-8"?>
<coverage generated="1664877031509" clover="3.2.0">
  <project timestamp="1664877031509" name="All files">
    <metrics statements="10" coveredstatements="10" conditionals="4" coveredconditionals="4" methods="4" coveredmethods="4" elements="18" coveredelements="18" complexity="0" loc="10" ncloc="10" packages="1" files="1" classes="1"/>
    <file name="anagram.js" path="/home/patrick/launch_school/js_139/anagram.js">
      <metrics statements="10" coveredstatements="10" conditionals="4" coveredconditionals="4" methods="4" coveredmethods="4"/>
      <line num="3" count="10" type="stmt"/>
      <line num="6" count="34" type="stmt"/>
      <line num="7" count="34" type="stmt"/>
      <line num="9" count="34" type="stmt"/>
      <line num="10" count="34" type="stmt"/>
      <line num="12" count="34" type="cond" truecount="4" falsecount="0"/>
      <line num="13" count="25" type="stmt"/>
      <line num="16" count="9" type="stmt"/>
      <line num="19" count="34" type="stmt"/>
      <line num="23" count="1" type="stmt"/>
    </file>
  </project>
</coverage>
